<?xml version="1.0" encoding="UTF-8"?>
<!-- Generated by org.testng.reporters.JUnitReportReporter -->
<testsuite hostname="Angels-MBP.fios-router.home" failures="0" tests="2" name="ThurdayClassNG" time="5.743" errors="0" timestamp="26 Apr 2018 23:33:14 GMT" skipped="0">
  <testcase classname="ThurdayClassNG" name="openWindow" time="3.913"/>
  <testcase classname="ThurdayClassNG" name="createArticle" time="1.830"/>
</testsuite> <!-- ThurdayClassNG -->
