<?xml version="1.0" encoding="UTF-8"?>
<!-- Generated by org.testng.reporters.JUnitReportReporter -->
<testsuite hostname="Angels-MBP.fios-router.home" failures="0" tests="1" name="ClassNGG" time="0.009" errors="0" timestamp="25 Apr 2018 00:23:51 GMT" skipped="0">
  <testcase classname="ClassNGG" name="bProgram" time="0.009"/>
</testsuite> <!-- ClassNGG -->
