<?xml version="1.0" encoding="UTF-8"?>
<!-- Generated by org.testng.reporters.JUnitReportReporter -->
<testsuite hostname="Angels-MacBook-Pro.local" failures="0" tests="2" name="DataProviderExercise" time="0.009" errors="0" timestamp="28 Apr 2018 15:15:26 GMT" skipped="0">
  <testcase classname="DataProviderExercise" name="practice" time="0.007"/>
  <testcase classname="DataProviderExercise" name="practice" time="0.002"/>
</testsuite> <!-- DataProviderExercise -->
