<?xml version="1.0" encoding="UTF-8"?>
<!-- Generated by org.testng.reporters.JUnitReportReporter -->
<testsuite hostname="Angels-MBP.fios-router.home" failures="0" tests="3" name="AllAnnotations" time="0.008" errors="0" timestamp="26 Apr 2018 23:48:23 GMT" skipped="0">
  <testcase classname="AllAnnotations" name="testAnnotation2" time="0.001"/>
  <testcase classname="AllAnnotations" name="testAnnotation3" time="0.001"/>
  <testcase classname="AllAnnotations" name="testAnnotation1" time="0.006"/>
</testsuite> <!-- AllAnnotations -->
