<?xml version="1.0" encoding="UTF-8"?>
<!-- Generated by org.testng.reporters.JUnitReportReporter -->
<testsuite hostname="Angels-MacBook-Pro.local" failures="0" tests="1" name="newPackage.parametersXML" time="5.711" errors="0" timestamp="28 Apr 2018 16:57:23 GMT" skipped="0">
  <testcase classname="newPackage.parametersXML" name="param" time="5.711"/>
</testsuite> <!-- newPackage.parametersXML -->
