<?xml version="1.0" encoding="UTF-8"?>
<!-- Generated by org.testng.reporters.JUnitReportReporter -->
<testsuite hostname="Angels-MacBook-Pro.local" failures="0" tests="1" name="excelDataProvider.DataDrivenWeb" time="0.000" errors="0" timestamp="30 Apr 2018 06:20:15 GMT" skipped="1">
  <testcase classname="excelDataProvider.DataDrivenWeb" name="appLogin" time="0.000">
    <skipped/>
  </testcase> <!-- appLogin -->
</testsuite> <!-- excelDataProvider.DataDrivenWeb -->
