<?xml version="1.0" encoding="UTF-8"?>
<!-- Generated by org.testng.reporters.JUnitReportReporter -->
<testsuite hostname="Angels-MacBook-Pro.local" failures="0" tests="1" name="Homewrok8" time="9.693" errors="0" timestamp="26 Apr 2018 09:15:00 GMT" skipped="0">
  <testcase classname="Homewrok8" name="testAmazon" time="9.693"/>
</testsuite> <!-- Homewrok8 -->
