<?xml version="1.0" encoding="UTF-8"?>
<!-- Generated by org.testng.reporters.JUnitReportReporter -->
<testsuite hostname="Angels-MacBook-Pro.local" failures="0" tests="3" name="newPackage.UsingDataProviders" time="40.472" errors="0" timestamp="01 May 2018 00:10:03 GMT" skipped="0">
  <testcase classname="newPackage.UsingDataProviders" name="OHRM" time="13.408"/>
  <testcase classname="newPackage.UsingDataProviders" name="OHRM" time="13.429"/>
  <testcase classname="newPackage.UsingDataProviders" name="OHRM" time="13.635"/>
</testsuite> <!-- newPackage.UsingDataProviders -->
