<?xml version="1.0" encoding="UTF-8"?>
<!-- Generated by org.testng.reporters.JUnitReportReporter -->
<testsuite hostname="Angels-MacBook-Pro.local" failures="0" tests="3" name="newPackage.dependeciesExercise" time="6.733" errors="0" timestamp="30 Apr 2018 09:44:24 GMT" skipped="0">
  <testcase classname="newPackage.dependeciesExercise" name="postArticle" time="0.008"/>
  <testcase classname="newPackage.dependeciesExercise" name="validCredentials" time="1.919"/>
  <testcase classname="newPackage.dependeciesExercise" name="startBrowser" time="4.806"/>
</testsuite> <!-- newPackage.dependeciesExercise -->
