<?xml version="1.0" encoding="UTF-8"?>
<!-- Generated by org.testng.reporters.JUnitReportReporter -->
<testsuite hostname="Angels-MBP.fios-router.home" failures="0" tests="1" name="ClassNGGG" time="2.935" errors="0" timestamp="26 Apr 2018 23:03:38 GMT" skipped="0">
  <testcase classname="ClassNGGG" name="testSyntax" time="2.935"/>
</testsuite> <!-- ClassNGGG -->
