<?xml version="1.0" encoding="UTF-8"?>
<!-- Generated by org.testng.reporters.JUnitReportReporter -->
<testsuite hostname="Angels-MacBook-Pro.local" failures="0" tests="1" name="WHATHEHEHE" time="6.486" errors="0" timestamp="26 Apr 2018 09:17:09 GMT" skipped="0">
  <testcase classname="WHATHEHEHE" name="classNGmethod" time="6.486"/>
</testsuite> <!-- WHATHEHEHE -->
