<?xml version="1.0" encoding="UTF-8"?>
<!-- Generated by org.testng.reporters.JUnitReportReporter -->
<testsuite hostname="Angels-MBP.fios-router.home" failures="0" tests="4" name="ClassNG5" time="0.014" errors="0" timestamp="25 Apr 2018 01:54:42 GMT" skipped="0">
  <testcase classname="ClassNG5" name="program4" time="0.002"/>
  <testcase classname="ClassNG5" name="program1" time="0.009"/>
  <testcase classname="ClassNG5" name="program2" time="0.002"/>
  <testcase classname="ClassNG5" name="program3" time="0.001"/>
</testsuite> <!-- ClassNG5 -->
