<?xml version="1.0" encoding="UTF-8"?>
<!-- Generated by org.testng.reporters.JUnitReportReporter -->
<testsuite hostname="Angels-MacBook-Pro.local" failures="0" tests="1" name="com.project.MavenExample" time="8.925" errors="0" timestamp="12 May 2018 17:56:31 GMT" skipped="0">
  <testcase classname="com.project.MavenExample" name="mavenTest" time="8.925"/>
</testsuite> <!-- com.project.MavenExample -->
