<?xml version="1.0" encoding="UTF-8"?>
<!-- Generated by org.testng.reporters.JUnitReportReporter -->
<testsuite hostname="Angels-MacBook-Pro.local" failures="0" tests="1" name="pageObjectClass.HW9Test" time="10.556" errors="0" timestamp="03 May 2018 00:44:24 GMT" skipped="0">
  <testcase classname="pageObjectClass.HW9Test" name="testAddEmployee" time="10.556"/>
</testsuite> <!-- pageObjectClass.HW9Test -->
