<?xml version="1.0" encoding="UTF-8"?>
<!-- Generated by org.testng.reporters.JUnitReportReporter -->
<testsuite hostname="Angels-MBP.fios-router.home" failures="0" tests="1" name="pageObjectClass.testCaseEx" time="4.881" errors="0" timestamp="02 May 2018 00:47:18 GMT" skipped="0">
  <testcase classname="pageObjectClass.testCaseEx" name="testLogin" time="4.881"/>
</testsuite> <!-- pageObjectClass.testCaseEx -->
