<?xml version="1.0" encoding="UTF-8"?>
<!-- Generated by org.testng.reporters.JUnitReportReporter -->
<testsuite hostname="Angels-MacBook-Pro.local" failures="0" tests="1" name="pageObjectClass.configBase" time="4.534" errors="0" timestamp="05 May 2018 15:43:55 GMT" skipped="0">
  <testcase classname="pageObjectClass.configBase" name="login" time="4.534"/>
</testsuite> <!-- pageObjectClass.configBase -->
