<?xml version="1.0" encoding="UTF-8"?>
<!-- Generated by org.testng.reporters.JUnitReportReporter -->
<testsuite hostname="Angels-MBP.fios-router.home" failures="0" tests="1" name="pageObjectClass.pfTestCase" time="2.778" errors="0" timestamp="02 May 2018 02:04:07 GMT" skipped="0">
  <testcase classname="pageObjectClass.pfTestCase" name="testLogin" time="2.778"/>
</testsuite> <!-- pageObjectClass.pfTestCase -->
