<?xml version="1.0" encoding="UTF-8"?>
<!-- Generated by org.testng.reporters.JUnitReportReporter -->
<testsuite hostname="Angels-MacBook-Pro.local" failures="0" tests="1" name="com.testcases.homepageTestCases" time="7.810" errors="0" timestamp="04 May 2018 05:03:43 GMT" skipped="0">
  <testcase classname="com.testcases.homepageTestCases" name="testElements" time="7.810"/>
</testsuite> <!-- com.testcases.homepageTestCases -->
