<?xml version="1.0" encoding="UTF-8"?>
<!-- Generated by org.testng.reporters.JUnitReportReporter -->
<testsuite hostname="Angels-MBP.fios-router.home" failures="0" tests="3" name="TestNGPrac" time="0.016" errors="0" timestamp="24 Apr 2018 23:31:28 GMT" skipped="0">
  <testcase classname="TestNGPrac" name="mult" time="0.008"/>
  <testcase classname="TestNGPrac" name="sum" time="0.007"/>
  <testcase classname="TestNGPrac" name="sub" time="0.001"/>
</testsuite> <!-- TestNGPrac -->
